Database initialized
Connection established
Bot stopped  
Bot started  
Starting trading bot
Database initialized
Connection established
Bot stopped  
Bot started  
Starting trading bot
Database initialized
Connection established
Bot stopped  
Database initialized
Connection established
Bot stopped  
Bot started  
Starting trading bot
Database initialized
Connection established
Bot stopped  
Bot started  
Starting trading bot
signal :0
signal :0
signal :0
signal :0
signal :0
signal :0
signal :0
signal :0
signal :0
signal :0
signal :0
Database initialized
Connection established
Bot stopped  
Database initialized
Connection established
Bot stopped  
Bot started  
Database initialized
Connection established
Bot stopped  
Bot started  
Database initialized
Connection established
Bot stopped  
Bot started  
Database initialized
Connection established
Bot stopped  
Bot started  
Database initialized
Connection established
Bot stopped  
Bot started  
signal :1
signal :1
signal :1
signal :1
signal :1
signal :1
signal :1
signal :1
signal :1
signal :1
signal :1
signal :1
signal :1
signal :1
signal :1
signal :1
signal :1
signal :1
signal :1
signal :1
signal :1
signal :1
signal :1
signal :1
signal :1
signal :1
signal :1
signal :1
signal :1
signal :1
Database initialized
Connected to Stellar network
Bot started  
Connection established
Bot stopped  
Database initialized
Connected to Stellar network
Bot started  
Connection established
Bot stopped  
Database initialized
Connected to Stellar network
Bot started  
Connection established
Bot stopped  
signal :1
signal :1
signal :1
signal :1
signal :1
signal :1
signal :1
signal :1
